[debug] [2024-06-24T20:54:13.938Z] ----------------------------------------------------------------------
[debug] [2024-06-24T20:54:13.941Z] Command:       C:\Program Files\nodejs\node.exe C:\Users\Yasmeen Mahilang\AppData\Roaming\npm\node_modules\firebase-tools\lib\bin\firebase.js init
[debug] [2024-06-24T20:54:13.942Z] CLI Version:   13.11.4
[debug] [2024-06-24T20:54:13.942Z] Platform:      win32
[debug] [2024-06-24T20:54:13.943Z] Node Version:  v18.15.0
[debug] [2024-06-24T20:54:13.943Z] Time:          Tue Jun 25 2024 02:24:13 GMT+0530 (India Standard Time)
[debug] [2024-06-24T20:54:13.944Z] ----------------------------------------------------------------------
[debug] 
[debug] [2024-06-24T20:54:14.022Z] > command requires scopes: ["email","openid","https://www.googleapis.com/auth/cloudplatformprojects.readonly","https://www.googleapis.com/auth/firebase","https://www.googleapis.com/auth/cloud-platform"]
[debug] [2024-06-24T20:54:14.023Z] > authorizing via signed-in user (yasmeen2002mahilang@gmail.com)
[info] 
     ######## #### ########  ######## ########     ###     ######  ########
     ##        ##  ##     ## ##       ##     ##  ##   ##  ##       ##
     ######    ##  ########  ######   ########  #########  ######  ######
     ##        ##  ##    ##  ##       ##     ## ##     ##       ## ##
     ##       #### ##     ## ######## ########  ##     ##  ######  ########

You're about to initialize a Firebase project in this directory:

  C:\Users\Yasmeen Mahilang\OneDrive\Desktop\React Projects\expensetracker\expense-tracker-react

Before we get started, keep in mind:

  * You are initializing within an existing Firebase project directory

[info] 
=== Project Setup
[info] 
[info] First, let's associate this project directory with a Firebase project.
[info] You can create multiple project aliases by running firebase use --add, 
[info] but for now we'll just set up a default project.
[info] 
[debug] [2024-06-24T20:54:21.782Z] Using project from CLI flag: expense-tracker-20383
[debug] [2024-06-24T20:54:21.785Z] >>> [apiv2][query] GET https://firebase.googleapis.com/v1beta1/projects/expense-tracker-20383 [none]
[debug] [2024-06-24T20:54:22.492Z] <<< [apiv2][status] GET https://firebase.googleapis.com/v1beta1/projects/expense-tracker-20383 200
[debug] [2024-06-24T20:54:22.492Z] <<< [apiv2][body] GET https://firebase.googleapis.com/v1beta1/projects/expense-tracker-20383 {"projectId":"expense-tracker-20383","projectNumber":"860198968164","displayName":"expense-tracker","name":"projects/expense-tracker-20383","resources":{"hostingSite":"expense-tracker-20383"},"state":"ACTIVE","etag":"1_f91a6079-642e-40c4-8b3e-e2eeed7e6fae"}
[info] i  Using project expense-tracker-20383 (expense-tracker) 
[info] 
=== Hosting Setup
[debug] [2024-06-24T20:54:22.501Z] >>> [apiv2][query] GET https://firebase.googleapis.com/v1beta1/projects/expense-tracker-20383 [none]
[debug] [2024-06-24T20:54:23.104Z] <<< [apiv2][status] GET https://firebase.googleapis.com/v1beta1/projects/expense-tracker-20383 200
[debug] [2024-06-24T20:54:23.104Z] <<< [apiv2][body] GET https://firebase.googleapis.com/v1beta1/projects/expense-tracker-20383 {"projectId":"expense-tracker-20383","projectNumber":"860198968164","displayName":"expense-tracker","name":"projects/expense-tracker-20383","resources":{"hostingSite":"expense-tracker-20383"},"state":"ACTIVE","etag":"1_f91a6079-642e-40c4-8b3e-e2eeed7e6fae"}
[info] 
[info] Your public directory is the folder (relative to your project directory) that
[info] will contain Hosting assets to be uploaded with firebase deploy. If you
[info] have a build process for your assets, use your build's output directory.
[info] 
[info] +  Wrote build/404.html 
[debug] [2024-06-24T20:54:45.695Z] >>> [apiv2][query] GET https://www.gstatic.com/firebasejs/releases.json [none]
[debug] [2024-06-24T20:54:45.980Z] <<< [apiv2][status] GET https://www.gstatic.com/firebasejs/releases.json 200
[debug] [2024-06-24T20:54:45.980Z] <<< [apiv2][body] GET https://www.gstatic.com/firebasejs/releases.json {"current":{"version":"10.12.2","browserURL":"https://www.gstatic.com/firebasejs/10.12.2/firebase.js","packageURL":"https://www.gstatic.com/firebasejs/10.12.2/firebase.tgz"},"live":{"version":"10.12","browserURL":"https://www.gstatic.com/firebasejs/live/10.12/firebase.js","packageURL":"https://www.gstatic.com/firebasejs/live/10.12/firebase.tgz"},"components":{"analytics":"https://www.gstatic.com/firebasejs/10.12.2/firebase-analytics.js","app":"https://www.gstatic.com/firebasejs/10.12.2/firebase-app.js","app-check":"https://www.gstatic.com/firebasejs/10.12.2/firebase-app-check.js","auth":"https://www.gstatic.com/firebasejs/10.12.2/firebase-auth.js","auth/cordova":"https://www.gstatic.com/firebasejs/10.12.2/firebase-auth/cordova.js","auth/web-extension":"https://www.gstatic.com/firebasejs/10.12.2/firebase-auth/web-extension.js","functions":"https://www.gstatic.com/firebasejs/10.12.2/firebase-functions.js","firestore":"https://www.gstatic.com/firebasejs/10.12.2/firebase-firestore.js","firestore/lite":"https://www.gstatic.com/firebasejs/10.12.2/firebase-firestore/lite.js","installations":"https://www.gstatic.com/firebasejs/10.12.2/firebase-installations.js","storage":"https://www.gstatic.com/firebasejs/10.12.2/firebase-storage.js","performance":"https://www.gstatic.com/firebasejs/10.12.2/firebase-performance.js","remote-config":"https://www.gstatic.com/firebasejs/10.12.2/firebase-remote-config.js","messaging":"https://www.gstatic.com/firebasejs/10.12.2/firebase-messaging.js","messaging/sw":"https://www.gstatic.com/firebasejs/10.12.2/firebase-messaging/sw.js","database":"https://www.gstatic.com/firebasejs/10.12.2/firebase-database.js","vertexai-preview":"https://www.gstatic.com/firebasejs/10.12.2/firebase-vertexai-preview.js","firestore.memory":"https://www.gstatic.com/firebasejs/10.12.2/firebase-firestore.memory.js"}}
[info] +  Wrote build/index.html 
[info] 
[info] i  Detected a .git folder at C:\Users\Yasmeen Mahilang\OneDrive\Desktop\React Projects\expensetracker 
[info] i  Authorizing with GitHub to upload your service account to a GitHub repository's secrets store. 
[info] 
[info] Visit this URL on this device to log in:
[info] https://github.com/login/oauth/authorize?client_id=89cf50f02ac6aaed3484&state=1032644096&redirect_uri=http%3A%2F%2Flocalhost%3A9005&scope=read%3Auser%20repo%20public_repo
[info] 
[info] Waiting for authentication...
[debug] [2024-06-24T20:54:48.862Z] >>> [apiv2][query] POST https://github.com/login/oauth/access_token [none]
[debug] [2024-06-24T20:54:48.863Z] >>> [apiv2][body] POST https://github.com/login/oauth/access_token [stream]
[debug] [2024-06-24T20:54:49.869Z] <<< [apiv2][status] POST https://github.com/login/oauth/access_token 200
[debug] [2024-06-24T20:54:49.876Z] >>> [apiv2][query] GET https://api.github.com/user [none]
[debug] [2024-06-24T20:54:50.427Z] <<< [apiv2][status] GET https://api.github.com/user 200
[debug] [2024-06-24T20:54:50.427Z] <<< [apiv2][body] GET https://api.github.com/user {"login":"yaaassmeen","id":100535436,"node_id":"U_kgDOBf4MjA","avatar_url":"https://avatars.githubusercontent.com/u/100535436?v=4","gravatar_id":"","url":"https://api.github.com/users/yaaassmeen","html_url":"https://github.com/yaaassmeen","followers_url":"https://api.github.com/users/yaaassmeen/followers","following_url":"https://api.github.com/users/yaaassmeen/following{/other_user}","gists_url":"https://api.github.com/users/yaaassmeen/gists{/gist_id}","starred_url":"https://api.github.com/users/yaaassmeen/starred{/owner}{/repo}","subscriptions_url":"https://api.github.com/users/yaaassmeen/subscriptions","organizations_url":"https://api.github.com/users/yaaassmeen/orgs","repos_url":"https://api.github.com/users/yaaassmeen/repos","events_url":"https://api.github.com/users/yaaassmeen/events{/privacy}","received_events_url":"https://api.github.com/users/yaaassmeen/received_events","type":"User","site_admin":false,"name":"Yasmeen Mahilang ","company":null,"blog":"yaaassmeen.hub","location":null,"email":null,"hireable":null,"bio":null,"twitter_username":null,"public_repos":12,"public_gists":0,"followers":0,"following":0,"created_at":"2022-02-27T19:41:20Z","updated_at":"2024-06-24T17:24:05Z","private_gists":0,"total_private_repos":1,"owned_private_repos":1,"disk_usage":13085,"collaborators":0,"two_factor_authentication":false,"plan":{"name":"free","space":976562499,"collaborators":0,"private_repos":10000}}
[info] 
[info] +  Success! Logged into GitHub as yaaassmeen 
[info] 
